<?xml version="1.0" encoding="UTF-8"?>
<testsuite xmlns:xsi="http://www.w3.org/2001/XMLSchema-instance" xsi:noNamespaceSchemaLocation="https://maven.apache.org/surefire/maven-surefire-plugin/xsd/surefire-test-report.xsd" name="uts.unit.DeviceDAOTest" time="0.112" tests="6" errors="1" skipped="0" failures="2">
  <properties>
    <property name="java.specification.version" value="22"/>
    <property name="sun.cpu.isalist" value="amd64"/>
    <property name="sun.jnu.encoding" value="Cp1252"/>
    <property name="java.class.path" value="C:\Users\Jonathan\Documents\GitHub\IoTBay\target\test-classes;C:\Users\Jonathan\Documents\GitHub\IoTBay\target\classes;C:\Users\Jonathan\.m2\repository\javax\javaee-api\8.0\javaee-api-8.0.jar;C:\Users\Jonathan\.m2\repository\com\sun\mail\javax.mail\1.6.0\javax.mail-1.6.0.jar;C:\Users\Jonathan\.m2\repository\javax\activation\activation\1.1\activation-1.1.jar;C:\Users\Jonathan\.m2\repository\com\mysql\mysql-connector-j\8.3.0\mysql-connector-j-8.3.0.jar;C:\Users\Jonathan\.m2\repository\com\google\protobuf\protobuf-java\3.25.1\protobuf-java-3.25.1.jar;C:\Users\Jonathan\.m2\repository\org\eclipse\jetty\jetty-server\9.4.12.v20180830\jetty-server-9.4.12.v20180830.jar;C:\Users\Jonathan\.m2\repository\javax\servlet\javax.servlet-api\3.1.0\javax.servlet-api-3.1.0.jar;C:\Users\Jonathan\.m2\repository\org\eclipse\jetty\jetty-http\9.4.12.v20180830\jetty-http-9.4.12.v20180830.jar;C:\Users\Jonathan\.m2\repository\org\eclipse\jetty\jetty-util\9.4.12.v20180830\jetty-util-9.4.12.v20180830.jar;C:\Users\Jonathan\.m2\repository\org\eclipse\jetty\jetty-io\9.4.12.v20180830\jetty-io-9.4.12.v20180830.jar;C:\Users\Jonathan\.m2\repository\org\apache\logging\log4j\log4j-core\2.14.1\log4j-core-2.14.1.jar;C:\Users\Jonathan\.m2\repository\org\apache\logging\log4j\log4j-api\2.14.1\log4j-api-2.14.1.jar;C:\Users\Jonathan\.m2\repository\org\junit\jupiter\junit-jupiter-api\5.2.0\junit-jupiter-api-5.2.0.jar;C:\Users\Jonathan\.m2\repository\org\apiguardian\apiguardian-api\1.0.0\apiguardian-api-1.0.0.jar;C:\Users\Jonathan\.m2\repository\org\opentest4j\opentest4j\1.1.0\opentest4j-1.1.0.jar;C:\Users\Jonathan\.m2\repository\org\junit\platform\junit-platform-commons\1.2.0\junit-platform-commons-1.2.0.jar;C:\Users\Jonathan\.m2\repository\org\junit\jupiter\junit-jupiter-params\5.2.0\junit-jupiter-params-5.2.0.jar;C:\Users\Jonathan\.m2\repository\org\junit\jupiter\junit-jupiter-engine\5.2.0\junit-jupiter-engine-5.2.0.jar;C:\Users\Jonathan\.m2\repository\org\junit\platform\junit-platform-engine\1.2.0\junit-platform-engine-1.2.0.jar;C:\Users\Jonathan\.m2\repository\org\hamcrest\hamcrest-core\1.3\hamcrest-core-1.3.jar;"/>
    <property name="java.vm.vendor" value="Oracle Corporation"/>
    <property name="sun.arch.data.model" value="64"/>
    <property name="user.variant" value=""/>
    <property name="java.vendor.url" value="https://java.oracle.com/"/>
    <property name="user.timezone" value="Australia/Sydney"/>
    <property name="os.name" value="Windows 11"/>
    <property name="java.vm.specification.version" value="22"/>
    <property name="sun.java.launcher" value="SUN_STANDARD"/>
    <property name="user.country" value="US"/>
    <property name="sun.boot.library.path" value="C:\Program Files\Java\jdk-22\bin"/>
    <property name="sun.java.command" value="C:\Users\Jonathan\AppData\Local\Temp\surefire8892441134184540200\surefirebooter11162844060075550857.jar C:\Users\Jonathan\AppData\Local\Temp\surefire8892441134184540200 2024-08-31T10-57-02_572-jvmRun1 surefire2467506853608078045tmp surefire_017996570697562433767tmp"/>
    <property name="jdk.debug" value="release"/>
    <property name="surefire.test.class.path" value="C:\Users\Jonathan\Documents\GitHub\IoTBay\target\test-classes;C:\Users\Jonathan\Documents\GitHub\IoTBay\target\classes;C:\Users\Jonathan\.m2\repository\javax\javaee-api\8.0\javaee-api-8.0.jar;C:\Users\Jonathan\.m2\repository\com\sun\mail\javax.mail\1.6.0\javax.mail-1.6.0.jar;C:\Users\Jonathan\.m2\repository\javax\activation\activation\1.1\activation-1.1.jar;C:\Users\Jonathan\.m2\repository\com\mysql\mysql-connector-j\8.3.0\mysql-connector-j-8.3.0.jar;C:\Users\Jonathan\.m2\repository\com\google\protobuf\protobuf-java\3.25.1\protobuf-java-3.25.1.jar;C:\Users\Jonathan\.m2\repository\org\eclipse\jetty\jetty-server\9.4.12.v20180830\jetty-server-9.4.12.v20180830.jar;C:\Users\Jonathan\.m2\repository\javax\servlet\javax.servlet-api\3.1.0\javax.servlet-api-3.1.0.jar;C:\Users\Jonathan\.m2\repository\org\eclipse\jetty\jetty-http\9.4.12.v20180830\jetty-http-9.4.12.v20180830.jar;C:\Users\Jonathan\.m2\repository\org\eclipse\jetty\jetty-util\9.4.12.v20180830\jetty-util-9.4.12.v20180830.jar;C:\Users\Jonathan\.m2\repository\org\eclipse\jetty\jetty-io\9.4.12.v20180830\jetty-io-9.4.12.v20180830.jar;C:\Users\Jonathan\.m2\repository\org\apache\logging\log4j\log4j-core\2.14.1\log4j-core-2.14.1.jar;C:\Users\Jonathan\.m2\repository\org\apache\logging\log4j\log4j-api\2.14.1\log4j-api-2.14.1.jar;C:\Users\Jonathan\.m2\repository\org\junit\jupiter\junit-jupiter-api\5.2.0\junit-jupiter-api-5.2.0.jar;C:\Users\Jonathan\.m2\repository\org\apiguardian\apiguardian-api\1.0.0\apiguardian-api-1.0.0.jar;C:\Users\Jonathan\.m2\repository\org\opentest4j\opentest4j\1.1.0\opentest4j-1.1.0.jar;C:\Users\Jonathan\.m2\repository\org\junit\platform\junit-platform-commons\1.2.0\junit-platform-commons-1.2.0.jar;C:\Users\Jonathan\.m2\repository\org\junit\jupiter\junit-jupiter-params\5.2.0\junit-jupiter-params-5.2.0.jar;C:\Users\Jonathan\.m2\repository\org\junit\jupiter\junit-jupiter-engine\5.2.0\junit-jupiter-engine-5.2.0.jar;C:\Users\Jonathan\.m2\repository\org\junit\platform\junit-platform-engine\1.2.0\junit-platform-engine-1.2.0.jar;C:\Users\Jonathan\.m2\repository\org\hamcrest\hamcrest-core\1.3\hamcrest-core-1.3.jar;"/>
    <property name="sun.cpu.endian" value="little"/>
    <property name="user.home" value="C:\Users\Jonathan"/>
    <property name="user.language" value="en"/>
    <property name="java.specification.vendor" value="Oracle Corporation"/>
    <property name="java.version.date" value="2024-03-19"/>
    <property name="java.home" value="C:\Program Files\Java\jdk-22"/>
    <property name="file.separator" value="\"/>
    <property name="basedir" value="C:\Users\Jonathan\Documents\GitHub\IoTBay"/>
    <property name="java.vm.compressedOopsMode" value="Zero based"/>
    <property name="line.separator" value="&#10;"/>
    <property name="java.vm.specification.vendor" value="Oracle Corporation"/>
    <property name="java.specification.name" value="Java Platform API Specification"/>
    <property name="surefire.real.class.path" value="C:\Users\Jonathan\AppData\Local\Temp\surefire8892441134184540200\surefirebooter11162844060075550857.jar"/>
    <property name="user.script" value=""/>
    <property name="sun.management.compiler" value="HotSpot 64-Bit Tiered Compilers"/>
    <property name="java.runtime.version" value="22+36-2370"/>
    <property name="user.name" value="Jonathan"/>
    <property name="stdout.encoding" value="Cp1252"/>
    <property name="path.separator" value=";"/>
    <property name="os.version" value="10.0"/>
    <property name="java.runtime.name" value="Java(TM) SE Runtime Environment"/>
    <property name="file.encoding" value="UTF-8"/>
    <property name="java.vm.name" value="Java HotSpot(TM) 64-Bit Server VM"/>
    <property name="localRepository" value="C:\Users\Jonathan\.m2\repository"/>
    <property name="java.vendor.url.bug" value="https://bugreport.java.com/bugreport/"/>
    <property name="java.io.tmpdir" value="C:\Users\Jonathan\AppData\Local\Temp\"/>
    <property name="java.version" value="22"/>
    <property name="user.dir" value="C:\Users\Jonathan\Documents\GitHub\IoTBay"/>
    <property name="os.arch" value="amd64"/>
    <property name="java.vm.specification.name" value="Java Virtual Machine Specification"/>
    <property name="sun.os.patch.level" value=""/>
    <property name="native.encoding" value="Cp1252"/>
    <property name="java.library.path" value="C:\Program Files\Java\jdk-22\bin;C:\Windows\Sun\Java\bin;C:\Windows\system32;C:\Windows;C:\Program Files\Common Files\Oracle\Java\javapath;C:\Windows\system32;C:\Windows;C:\Windows\System32\Wbem;C:\Windows\System32\WindowsPowerShell\v1.0\;C:\Windows\System32\OpenSSH\;C:\Program Files (x86)\NVIDIA Corporation\PhysX\Common;C:\Program Files\NVIDIA Corporation\NVIDIA NvDLISR;C:\Program Files\dotnet\;C:\Program Files\Git\cmd;C:\Program Files\Git\mingw64\bin;C:\Program Files\Git\usr\bin;C:\Program Files\Java\apache-maven-3.9.6\bin;C:\Program Files\Java\jdk-22\bin;C:\Users\Jonathan\AppData\Local\Programs\Python\Python311\Scripts\;C:\Users\Jonathan\AppData\Local\Programs\Python\Python311\;C:\Users\Jonathan\AppData\Local\Microsoft\WindowsApps;C:\Users\Jonathan\AppData\Local\Programs\Microsoft VS Code\bin;C:\Users\Jonathan\AppData\Local\GitHubDesktop\bin;C:\Program Files\Java\apache-maven-3.9.6\bin;."/>
    <property name="java.vm.info" value="mixed mode, sharing"/>
    <property name="stderr.encoding" value="Cp1252"/>
    <property name="java.vendor" value="Oracle Corporation"/>
    <property name="java.vm.version" value="22+36-2370"/>
    <property name="sun.io.unicode.encoding" value="UnicodeLittle"/>
    <property name="java.class.version" value="66.0"/>
  </properties>
  <testcase name="testConnection" classname="uts.unit.DeviceDAOTest" time="0.001"/>
  <testcase name="testFindDevice" classname="uts.unit.DeviceDAOTest" time="0.016">
    <failure message="expected: not &lt;null&gt;" type="org.opentest4j.AssertionFailedError"><![CDATA[org.opentest4j.AssertionFailedError: expected: not <null>
	at uts.unit.DeviceDAOTest.testFindDevice(DeviceDAOTest.java:60)
]]></failure>
  </testcase>
  <testcase name="testListAllDevices" classname="uts.unit.DeviceDAOTest" time="0.005"/>
  <testcase name="testUpdateDevice" classname="uts.unit.DeviceDAOTest" time="0.002">
    <error message="Cannot invoke &quot;uts.isd.model.Device.getDeviceName()&quot; because &quot;device&quot; is null" type="java.lang.NullPointerException">java.lang.NullPointerException: Cannot invoke "uts.isd.model.Device.getDeviceName()" because "device" is null
	at uts.unit.DeviceDAOTest.testUpdateDevice(DeviceDAOTest.java:54)
</error>
  </testcase>
  <testcase name="testDeleteDevice" classname="uts.unit.DeviceDAOTest" time="0.007">
    <failure message="expected: &lt;19&gt; but was: &lt;20&gt;" type="org.opentest4j.AssertionFailedError"><![CDATA[org.opentest4j.AssertionFailedError: expected: <19> but was: <20>
	at uts.unit.DeviceDAOTest.testDeleteDevice(DeviceDAOTest.java:69)
]]></failure>
    <system-out><![CDATA[Smartphone Alpha
Tablet Beta
Laptop Gamma
E-Reader Delta
Smartwatch Epsilon
Game Console Zeta
Portable Speaker Eta
Action Camera Theta
Smart Thermostat Iota
Fitness Tracker Kappa
Wireless Earphones Lambda
VR Headset Mu
Drone Nu
Digital Camera Xi
Robot Vacuum Omicron
3D Printer Pi
Smart Refrigerator Rho
Gaming Laptop Sigma
Smart Oven Tau
Home Security System Upsilon
Smartphone Alpha
Tablet Beta
Laptop Gamma
E-Reader Delta
Smartwatch Epsilon
Game Console Zeta
Portable Speaker Eta
Action Camera Theta
Smart Thermostat Iota
Fitness Tracker Kappa
Wireless Earphones Lambda
VR Headset Mu
Drone Nu
Digital Camera Xi
Robot Vacuum Omicron
3D Printer Pi
Smart Refrigerator Rho
Gaming Laptop Sigma
Smart Oven Tau
Home Security System Upsilon
]]></system-out>
  </testcase>
  <testcase name="testAddDevice" classname="uts.unit.DeviceDAOTest" time="0.008"/>
</testsuite>